<?xml version="1.0" encoding="UTF-8"?>
<coverage generated="1709231111274" clover="3.2.0">
  <project timestamp="1709231111274" name="All files">
    <metrics statements="56" coveredstatements="53" conditionals="10" coveredconditionals="8" methods="21" coveredmethods="20" elements="87" coveredelements="81" complexity="0" loc="56" ncloc="56" packages="4" files="9" classes="9"/>
    <package name="src">
      <metrics statements="5" coveredstatements="4" conditionals="0" coveredconditionals="0" methods="3" coveredmethods="2"/>
      <file name="GifExpertApp.jsx" path="/Users/nikodev/Development/React-Project/Primeros-pasos/04-gif-expert-app/src/GifExpertApp.jsx">
        <metrics statements="5" coveredstatements="4" conditionals="0" coveredconditionals="0" methods="3" coveredmethods="2"/>
        <line num="5" count="1" type="stmt"/>
        <line num="6" count="2" type="stmt"/>
        <line num="8" count="2" type="stmt"/>
        <line num="18" count="2" type="stmt"/>
        <line num="21" count="0" type="stmt"/>
      </file>
    </package>
    <package name="src.components">
      <metrics statements="21" coveredstatements="21" conditionals="6" coveredconditionals="5" methods="7" coveredmethods="7"/>
      <file name="AddCategory.jsx" path="/Users/nikodev/Development/React-Project/Primeros-pasos/04-gif-expert-app/src/components/AddCategory.jsx">
        <metrics statements="10" coveredstatements="10" conditionals="2" coveredconditionals="2" methods="3" coveredmethods="3"/>
        <line num="5" count="2" type="stmt"/>
        <line num="6" count="8" type="stmt"/>
        <line num="8" count="8" type="stmt"/>
        <line num="10" count="8" type="stmt"/>
        <line num="11" count="2" type="stmt"/>
        <line num="12" count="2" type="cond" truecount="2" falsecount="0"/>
        <line num="14" count="1" type="stmt"/>
        <line num="15" count="1" type="stmt"/>
        <line num="18" count="8" type="stmt"/>
        <line num="30" count="2" type="stmt"/>
      </file>
      <file name="GifGrid.jsx" path="/Users/nikodev/Development/React-Project/Primeros-pasos/04-gif-expert-app/src/components/GifGrid.jsx">
        <metrics statements="5" coveredstatements="5" conditionals="4" coveredconditionals="3" methods="2" coveredmethods="2"/>
        <line num="6" count="2" type="stmt"/>
        <line num="7" count="5" type="stmt"/>
        <line num="9" count="5" type="stmt"/>
        <line num="20" count="2" type="stmt"/>
        <line num="29" count="2" type="stmt"/>
      </file>
      <file name="GifItem.jsx" path="/Users/nikodev/Development/React-Project/Primeros-pasos/04-gif-expert-app/src/components/GifItem.jsx">
        <metrics statements="3" coveredstatements="3" conditionals="0" coveredconditionals="0" methods="1" coveredmethods="1"/>
        <line num="4" count="3" type="stmt"/>
        <line num="5" count="5" type="stmt"/>
        <line num="13" count="3" type="stmt"/>
      </file>
      <file name="RemoveGifButton.jsx" path="/Users/nikodev/Development/React-Project/Primeros-pasos/04-gif-expert-app/src/components/RemoveGifButton.jsx">
        <metrics statements="3" coveredstatements="3" conditionals="0" coveredconditionals="0" methods="1" coveredmethods="1"/>
        <line num="3" count="1" type="stmt"/>
        <line num="4" count="3" type="stmt"/>
        <line num="18" count="1" type="stmt"/>
      </file>
    </package>
    <package name="src.helpers">
      <metrics statements="6" coveredstatements="6" conditionals="0" coveredconditionals="0" methods="2" coveredmethods="2"/>
      <file name="getGifs.js" path="/Users/nikodev/Development/React-Project/Primeros-pasos/04-gif-expert-app/src/helpers/getGifs.js">
        <metrics statements="6" coveredstatements="6" conditionals="0" coveredconditionals="0" methods="2" coveredmethods="2"/>
        <line num="3" count="4" type="stmt"/>
        <line num="4" count="5" type="stmt"/>
        <line num="5" count="5" type="stmt"/>
        <line num="6" count="3" type="stmt"/>
        <line num="8" count="60" type="stmt"/>
        <line num="14" count="3" type="stmt"/>
      </file>
    </package>
    <package name="src.hooks">
      <metrics statements="24" coveredstatements="22" conditionals="4" coveredconditionals="3" methods="9" coveredmethods="9"/>
      <file name="index.js" path="/Users/nikodev/Development/React-Project/Primeros-pasos/04-gif-expert-app/src/hooks/index.js">
        <metrics statements="0" coveredstatements="0" conditionals="0" coveredconditionals="0" methods="0" coveredmethods="0"/>
      </file>
      <file name="useFetchGifs.js" path="/Users/nikodev/Development/React-Project/Primeros-pasos/04-gif-expert-app/src/hooks/useFetchGifs.js">
        <metrics statements="15" coveredstatements="13" conditionals="2" coveredconditionals="1" methods="3" coveredmethods="3"/>
        <line num="4" count="3" type="stmt"/>
        <line num="5" count="5" type="stmt"/>
        <line num="6" count="5" type="stmt"/>
        <line num="7" count="5" type="stmt"/>
        <line num="9" count="5" type="stmt"/>
        <line num="10" count="4" type="stmt"/>
        <line num="11" count="4" type="stmt"/>
        <line num="13" count="2" type="cond" truecount="1" falsecount="1"/>
        <line num="14" count="2" type="stmt"/>
        <line num="16" count="0" type="stmt"/>
        <line num="20" count="0" type="stmt"/>
        <line num="22" count="2" type="stmt"/>
        <line num="27" count="5" type="stmt"/>
        <line num="28" count="4" type="stmt"/>
        <line num="31" count="5" type="stmt"/>
      </file>
      <file name="useHandleCategories.js" path="/Users/nikodev/Development/React-Project/Primeros-pasos/04-gif-expert-app/src/hooks/useHandleCategories.js">
        <metrics statements="9" coveredstatements="9" conditionals="2" coveredconditionals="2" methods="6" coveredmethods="6"/>
        <line num="3" count="2" type="stmt"/>
        <line num="4" count="8" type="stmt"/>
        <line num="6" count="8" type="stmt"/>
        <line num="7" count="2" type="cond" truecount="2" falsecount="0"/>
        <line num="8" count="1" type="stmt"/>
        <line num="11" count="8" type="stmt"/>
        <line num="12" count="1" type="stmt"/>
        <line num="13" count="1" type="stmt"/>
        <line num="16" count="8" type="stmt"/>
      </file>
    </package>
  </project>
</coverage>
