{"/Users/nikodev/Development/React-Project/Primeros-pasos/04-gif-expert-app/src/GifExpertApp.jsx": {"path":"/Users/nikodev/Development/React-Project/Primeros-pasos/04-gif-expert-app/src/GifExpertApp.jsx","statementMap":{"0":{"start":{"line":5,"column":28},"end":{"line":27,"column":1}},"1":{"start":{"line":6,"column":56},"end":{"line":6,"column":77}},"2":{"start":{"line":8,"column":2},"end":{"line":26,"column":3}},"3":{"start":{"line":18,"column":10},"end":{"line":22,"column":12}},"4":{"start":{"line":21,"column":36},"end":{"line":21,"column":62}}},"fnMap":{"0":{"name":"(anonymous_0)","decl":{"start":{"line":5,"column":28},"end":{"line":5,"column":29}},"loc":{"start":{"line":5,"column":34},"end":{"line":27,"column":1}},"line":5},"1":{"name":"(anonymous_1)","decl":{"start":{"line":17,"column":23},"end":{"line":17,"column":24}},"loc":{"start":{"line":18,"column":10},"end":{"line":22,"column":12}},"line":18},"2":{"name":"(anonymous_2)","decl":{"start":{"line":21,"column":30},"end":{"line":21,"column":31}},"loc":{"start":{"line":21,"column":36},"end":{"line":21,"column":62}},"line":21}},"branchMap":{},"s":{"0":1,"1":2,"2":2,"3":2,"4":0},"f":{"0":2,"1":2,"2":0},"b":{},"_coverageSchema":"1a1c01bbd47fc00a2c39e90264f33305004495a9","hash":"9e09b1e76a860dd52a574b76581b08f82e9818a3"}
,"/Users/nikodev/Development/React-Project/Primeros-pasos/04-gif-expert-app/src/components/AddCategory.jsx": {"path":"/Users/nikodev/Development/React-Project/Primeros-pasos/04-gif-expert-app/src/components/AddCategory.jsx","statementMap":{"0":{"start":{"line":5,"column":27},"end":{"line":28,"column":1}},"1":{"start":{"line":6,"column":38},"end":{"line":6,"column":50}},"2":{"start":{"line":8,"column":23},"end":{"line":8,"column":59}},"3":{"start":{"line":8,"column":30},"end":{"line":8,"column":59}},"4":{"start":{"line":10,"column":19},"end":{"line":16,"column":3}},"5":{"start":{"line":11,"column":4},"end":{"line":11,"column":23}},"6":{"start":{"line":12,"column":4},"end":{"line":12,"column":47}},"7":{"start":{"line":12,"column":40},"end":{"line":12,"column":47}},"8":{"start":{"line":14,"column":4},"end":{"line":14,"column":36}},"9":{"start":{"line":15,"column":4},"end":{"line":15,"column":22}},"10":{"start":{"line":18,"column":2},"end":{"line":27,"column":3}},"11":{"start":{"line":30,"column":0},"end":{"line":32,"column":1}}},"fnMap":{"0":{"name":"(anonymous_0)","decl":{"start":{"line":5,"column":27},"end":{"line":5,"column":28}},"loc":{"start":{"line":5,"column":48},"end":{"line":28,"column":1}},"line":5},"1":{"name":"(anonymous_1)","decl":{"start":{"line":8,"column":23},"end":{"line":8,"column":24}},"loc":{"start":{"line":8,"column":30},"end":{"line":8,"column":59}},"line":8},"2":{"name":"(anonymous_2)","decl":{"start":{"line":10,"column":19},"end":{"line":10,"column":20}},"loc":{"start":{"line":10,"column":26},"end":{"line":16,"column":3}},"line":10}},"branchMap":{"0":{"loc":{"start":{"line":12,"column":4},"end":{"line":12,"column":47}},"type":"if","locations":[{"start":{"line":12,"column":4},"end":{"line":12,"column":47}},{"start":{},"end":{}}],"line":12}},"s":{"0":2,"1":8,"2":8,"3":2,"4":8,"5":2,"6":2,"7":1,"8":1,"9":1,"10":8,"11":2},"f":{"0":8,"1":2,"2":2},"b":{"0":[1,1]},"_coverageSchema":"1a1c01bbd47fc00a2c39e90264f33305004495a9","hash":"25ea6a38946b2b953968894fdf26f16e053cd2fd"}
,"/Users/nikodev/Development/React-Project/Primeros-pasos/04-gif-expert-app/src/components/GifGrid.jsx": {"path":"/Users/nikodev/Development/React-Project/Primeros-pasos/04-gif-expert-app/src/components/GifGrid.jsx","statementMap":{"0":{"start":{"line":6,"column":23},"end":{"line":26,"column":1}},"1":{"start":{"line":7,"column":38},"end":{"line":7,"column":60}},"2":{"start":{"line":9,"column":2},"end":{"line":25,"column":3}},"3":{"start":{"line":20,"column":12},"end":{"line":20,"column":49}},"4":{"start":{"line":29,"column":0},"end":{"line":32,"column":1}}},"fnMap":{"0":{"name":"(anonymous_0)","decl":{"start":{"line":6,"column":23},"end":{"line":6,"column":24}},"loc":{"start":{"line":6,"column":57},"end":{"line":26,"column":1}},"line":6},"1":{"name":"(anonymous_1)","decl":{"start":{"line":19,"column":21},"end":{"line":19,"column":22}},"loc":{"start":{"line":20,"column":12},"end":{"line":20,"column":49}},"line":20}},"branchMap":{"0":{"loc":{"start":{"line":13,"column":8},"end":{"line":13,"column":39}},"type":"binary-expr","locations":[{"start":{"line":13,"column":8},"end":{"line":13,"column":15}},{"start":{"line":13,"column":19},"end":{"line":13,"column":39}}],"line":13},"1":{"loc":{"start":{"line":15,"column":8},"end":{"line":15,"column":75}},"type":"binary-expr","locations":[{"start":{"line":15,"column":8},"end":{"line":15,"column":18}},{"start":{"line":15,"column":22},"end":{"line":15,"column":75}}],"line":15}},"s":{"0":2,"1":5,"2":5,"3":2,"4":2},"f":{"0":5,"1":2},"b":{"0":[5,4],"1":[5,0]},"_coverageSchema":"1a1c01bbd47fc00a2c39e90264f33305004495a9","hash":"1545788dc1979813179aabdfe5b08b3ac0726e11"}
,"/Users/nikodev/Development/React-Project/Primeros-pasos/04-gif-expert-app/src/components/GifItem.jsx": {"path":"/Users/nikodev/Development/React-Project/Primeros-pasos/04-gif-expert-app/src/components/GifItem.jsx","statementMap":{"0":{"start":{"line":4,"column":23},"end":{"line":11,"column":1}},"1":{"start":{"line":5,"column":2},"end":{"line":10,"column":3}},"2":{"start":{"line":13,"column":0},"end":{"line":16,"column":1}}},"fnMap":{"0":{"name":"(anonymous_0)","decl":{"start":{"line":4,"column":23},"end":{"line":4,"column":24}},"loc":{"start":{"line":4,"column":41},"end":{"line":11,"column":1}},"line":4}},"branchMap":{},"s":{"0":3,"1":5,"2":3},"f":{"0":5},"b":{},"_coverageSchema":"1a1c01bbd47fc00a2c39e90264f33305004495a9","hash":"0a913dfe5dc0786ade283b553fcd3eb4f0158811"}
,"/Users/nikodev/Development/React-Project/Primeros-pasos/04-gif-expert-app/src/components/RemoveGifButton.jsx": {"path":"/Users/nikodev/Development/React-Project/Primeros-pasos/04-gif-expert-app/src/components/RemoveGifButton.jsx","statementMap":{"0":{"start":{"line":3,"column":31},"end":{"line":16,"column":1}},"1":{"start":{"line":4,"column":2},"end":{"line":15,"column":3}},"2":{"start":{"line":18,"column":0},"end":{"line":20,"column":1}}},"fnMap":{"0":{"name":"(anonymous_0)","decl":{"start":{"line":3,"column":31},"end":{"line":3,"column":32}},"loc":{"start":{"line":3,"column":53},"end":{"line":16,"column":1}},"line":3}},"branchMap":{},"s":{"0":1,"1":3,"2":1},"f":{"0":3},"b":{},"_coverageSchema":"1a1c01bbd47fc00a2c39e90264f33305004495a9","hash":"9b995d3a651d276d8413134b2e9ce532ef4669de"}
,"/Users/nikodev/Development/React-Project/Primeros-pasos/04-gif-expert-app/src/helpers/getGifs.js": {"path":"/Users/nikodev/Development/React-Project/Primeros-pasos/04-gif-expert-app/src/helpers/getGifs.js","statementMap":{"0":{"start":{"line":3,"column":23},"end":{"line":15,"column":1}},"1":{"start":{"line":4,"column":17},"end":{"line":4,"column":119}},"2":{"start":{"line":5,"column":17},"end":{"line":5,"column":33}},"3":{"start":{"line":6,"column":17},"end":{"line":6,"column":34}},"4":{"start":{"line":8,"column":15},"end":{"line":12,"column":5}},"5":{"start":{"line":8,"column":33},"end":{"line":12,"column":3}},"6":{"start":{"line":14,"column":2},"end":{"line":14,"column":14}}},"fnMap":{"0":{"name":"(anonymous_0)","decl":{"start":{"line":3,"column":23},"end":{"line":3,"column":24}},"loc":{"start":{"line":3,"column":42},"end":{"line":15,"column":1}},"line":3},"1":{"name":"(anonymous_1)","decl":{"start":{"line":8,"column":25},"end":{"line":8,"column":26}},"loc":{"start":{"line":8,"column":33},"end":{"line":12,"column":3}},"line":8}},"branchMap":{},"s":{"0":4,"1":5,"2":5,"3":3,"4":3,"5":60,"6":3},"f":{"0":5,"1":60},"b":{},"_coverageSchema":"1a1c01bbd47fc00a2c39e90264f33305004495a9","hash":"8f8c9d5fdd95de03007f3f3b0704ba80debea48a"}
,"/Users/nikodev/Development/React-Project/Primeros-pasos/04-gif-expert-app/src/hooks/index.js": {"path":"/Users/nikodev/Development/React-Project/Primeros-pasos/04-gif-expert-app/src/hooks/index.js","statementMap":{},"fnMap":{},"branchMap":{},"s":{},"f":{},"b":{},"_coverageSchema":"1a1c01bbd47fc00a2c39e90264f33305004495a9","hash":"f1ec9f7deab1277b4fed4a95587558044760310b"}
,"/Users/nikodev/Development/React-Project/Primeros-pasos/04-gif-expert-app/src/hooks/useFetchGifs.js": {"path":"/Users/nikodev/Development/React-Project/Primeros-pasos/04-gif-expert-app/src/hooks/useFetchGifs.js","statementMap":{"0":{"start":{"line":4,"column":28},"end":{"line":36,"column":1}},"1":{"start":{"line":5,"column":32},"end":{"line":5,"column":46}},"2":{"start":{"line":6,"column":32},"end":{"line":6,"column":44}},"3":{"start":{"line":7,"column":34},"end":{"line":7,"column":48}},"4":{"start":{"line":9,"column":19},"end":{"line":24,"column":3}},"5":{"start":{"line":10,"column":4},"end":{"line":23,"column":5}},"6":{"start":{"line":11,"column":19},"end":{"line":11,"column":42}},"7":{"start":{"line":13,"column":6},"end":{"line":17,"column":7}},"8":{"start":{"line":14,"column":8},"end":{"line":14,"column":24}},"9":{"start":{"line":16,"column":8},"end":{"line":16,"column":52}},"10":{"start":{"line":20,"column":6},"end":{"line":20,"column":25}},"11":{"start":{"line":22,"column":6},"end":{"line":22,"column":24}},"12":{"start":{"line":27,"column":2},"end":{"line":29,"column":8}},"13":{"start":{"line":28,"column":4},"end":{"line":28,"column":14}},"14":{"start":{"line":31,"column":2},"end":{"line":35,"column":3}}},"fnMap":{"0":{"name":"(anonymous_0)","decl":{"start":{"line":4,"column":28},"end":{"line":4,"column":29}},"loc":{"start":{"line":4,"column":42},"end":{"line":36,"column":1}},"line":4},"1":{"name":"(anonymous_1)","decl":{"start":{"line":9,"column":19},"end":{"line":9,"column":20}},"loc":{"start":{"line":9,"column":31},"end":{"line":24,"column":3}},"line":9},"2":{"name":"(anonymous_2)","decl":{"start":{"line":27,"column":12},"end":{"line":27,"column":13}},"loc":{"start":{"line":27,"column":18},"end":{"line":29,"column":3}},"line":27}},"branchMap":{"0":{"loc":{"start":{"line":13,"column":6},"end":{"line":17,"column":7}},"type":"if","locations":[{"start":{"line":13,"column":6},"end":{"line":17,"column":7}},{"start":{"line":15,"column":12},"end":{"line":17,"column":7}}],"line":13}},"s":{"0":3,"1":5,"2":5,"3":5,"4":5,"5":4,"6":4,"7":2,"8":2,"9":0,"10":0,"11":2,"12":5,"13":4,"14":5},"f":{"0":5,"1":4,"2":4},"b":{"0":[2,0]},"_coverageSchema":"1a1c01bbd47fc00a2c39e90264f33305004495a9","hash":"6736649d32f2d68c5bbe9c1473da76328db9c854"}
,"/Users/nikodev/Development/React-Project/Primeros-pasos/04-gif-expert-app/src/hooks/useHandleCategories.js": {"path":"/Users/nikodev/Development/React-Project/Primeros-pasos/04-gif-expert-app/src/hooks/useHandleCategories.js","statementMap":{"0":{"start":{"line":3,"column":35},"end":{"line":21,"column":1}},"1":{"start":{"line":4,"column":38},"end":{"line":4,"column":61}},"2":{"start":{"line":6,"column":24},"end":{"line":9,"column":3}},"3":{"start":{"line":7,"column":4},"end":{"line":7,"column":87}},"4":{"start":{"line":7,"column":30},"end":{"line":7,"column":77}},"5":{"start":{"line":7,"column":80},"end":{"line":7,"column":87}},"6":{"start":{"line":8,"column":4},"end":{"line":8,"column":55}},"7":{"start":{"line":8,"column":28},"end":{"line":8,"column":52}},"8":{"start":{"line":11,"column":27},"end":{"line":14,"column":3}},"9":{"start":{"line":12,"column":28},"end":{"line":12,"column":76}},"10":{"start":{"line":12,"column":53},"end":{"line":12,"column":75}},"11":{"start":{"line":13,"column":4},"end":{"line":13,"column":40}},"12":{"start":{"line":16,"column":2},"end":{"line":20,"column":3}}},"fnMap":{"0":{"name":"(anonymous_0)","decl":{"start":{"line":3,"column":35},"end":{"line":3,"column":36}},"loc":{"start":{"line":3,"column":41},"end":{"line":21,"column":1}},"line":3},"1":{"name":"(anonymous_1)","decl":{"start":{"line":6,"column":24},"end":{"line":6,"column":25}},"loc":{"start":{"line":6,"column":41},"end":{"line":9,"column":3}},"line":6},"2":{"name":"(anonymous_2)","decl":{"start":{"line":7,"column":23},"end":{"line":7,"column":24}},"loc":{"start":{"line":7,"column":30},"end":{"line":7,"column":77}},"line":7},"3":{"name":"(anonymous_3)","decl":{"start":{"line":8,"column":19},"end":{"line":8,"column":20}},"loc":{"start":{"line":8,"column":28},"end":{"line":8,"column":52}},"line":8},"4":{"name":"(anonymous_4)","decl":{"start":{"line":11,"column":27},"end":{"line":11,"column":28}},"loc":{"start":{"line":11,"column":47},"end":{"line":14,"column":3}},"line":11},"5":{"name":"(anonymous_5)","decl":{"start":{"line":12,"column":46},"end":{"line":12,"column":47}},"loc":{"start":{"line":12,"column":53},"end":{"line":12,"column":75}},"line":12}},"branchMap":{"0":{"loc":{"start":{"line":7,"column":4},"end":{"line":7,"column":87}},"type":"if","locations":[{"start":{"line":7,"column":4},"end":{"line":7,"column":87}},{"start":{},"end":{}}],"line":7}},"s":{"0":2,"1":8,"2":8,"3":2,"4":2,"5":1,"6":1,"7":1,"8":8,"9":1,"10":1,"11":1,"12":8},"f":{"0":8,"1":2,"2":2,"3":1,"4":1,"5":1},"b":{"0":[1,1]},"_coverageSchema":"1a1c01bbd47fc00a2c39e90264f33305004495a9","hash":"52ca1a8990599c8ef59a32f37fdbcb6f98c52379"}
}
