TN:
SF:src/GifExpertApp.jsx
FN:5,(anonymous_0)
FN:17,(anonymous_1)
FN:21,(anonymous_2)
FNF:3
FNH:2
FNDA:2,(anonymous_0)
FNDA:2,(anonymous_1)
FNDA:0,(anonymous_2)
DA:5,1
DA:6,2
DA:8,2
DA:18,2
DA:21,0
LF:5
LH:4
BRF:0
BRH:0
end_of_record
TN:
SF:src/components/AddCategory.jsx
FN:5,(anonymous_0)
FN:8,(anonymous_1)
FN:10,(anonymous_2)
FNF:3
FNH:3
FNDA:8,(anonymous_0)
FNDA:2,(anonymous_1)
FNDA:2,(anonymous_2)
DA:5,2
DA:6,8
DA:8,8
DA:10,8
DA:11,2
DA:12,2
DA:14,1
DA:15,1
DA:18,8
DA:30,2
LF:10
LH:10
BRDA:12,0,0,1
BRDA:12,0,1,1
BRF:2
BRH:2
end_of_record
TN:
SF:src/components/GifGrid.jsx
FN:6,(anonymous_0)
FN:19,(anonymous_1)
FNF:2
FNH:2
FNDA:5,(anonymous_0)
FNDA:2,(anonymous_1)
DA:6,2
DA:7,5
DA:9,5
DA:20,2
DA:29,2
LF:5
LH:5
BRDA:13,0,0,5
BRDA:13,0,1,4
BRDA:15,1,0,5
BRDA:15,1,1,0
BRF:4
BRH:3
end_of_record
TN:
SF:src/components/GifItem.jsx
FN:4,(anonymous_0)
FNF:1
FNH:1
FNDA:5,(anonymous_0)
DA:4,3
DA:5,5
DA:13,3
LF:3
LH:3
BRF:0
BRH:0
end_of_record
TN:
SF:src/components/RemoveGifButton.jsx
FN:3,(anonymous_0)
FNF:1
FNH:1
FNDA:3,(anonymous_0)
DA:3,1
DA:4,3
DA:18,1
LF:3
LH:3
BRF:0
BRH:0
end_of_record
TN:
SF:src/helpers/getGifs.js
FN:3,(anonymous_0)
FN:8,(anonymous_1)
FNF:2
FNH:2
FNDA:5,(anonymous_0)
FNDA:60,(anonymous_1)
DA:3,4
DA:4,5
DA:5,5
DA:6,3
DA:8,60
DA:14,3
LF:6
LH:6
BRF:0
BRH:0
end_of_record
TN:
SF:src/hooks/index.js
FNF:0
FNH:0
LF:0
LH:0
BRF:0
BRH:0
end_of_record
TN:
SF:src/hooks/useFetchGifs.js
FN:4,(anonymous_0)
FN:9,(anonymous_1)
FN:27,(anonymous_2)
FNF:3
FNH:3
FNDA:5,(anonymous_0)
FNDA:4,(anonymous_1)
FNDA:4,(anonymous_2)
DA:4,3
DA:5,5
DA:6,5
DA:7,5
DA:9,5
DA:10,4
DA:11,4
DA:13,2
DA:14,2
DA:16,0
DA:20,0
DA:22,2
DA:27,5
DA:28,4
DA:31,5
LF:15
LH:13
BRDA:13,0,0,2
BRDA:13,0,1,0
BRF:2
BRH:1
end_of_record
TN:
SF:src/hooks/useHandleCategories.js
FN:3,(anonymous_0)
FN:6,(anonymous_1)
FN:7,(anonymous_2)
FN:8,(anonymous_3)
FN:11,(anonymous_4)
FN:12,(anonymous_5)
FNF:6
FNH:6
FNDA:8,(anonymous_0)
FNDA:2,(anonymous_1)
FNDA:2,(anonymous_2)
FNDA:1,(anonymous_3)
FNDA:1,(anonymous_4)
FNDA:1,(anonymous_5)
DA:3,2
DA:4,8
DA:6,8
DA:7,2
DA:8,1
DA:11,8
DA:12,1
DA:13,1
DA:16,8
LF:9
LH:9
BRDA:7,0,0,1
BRDA:7,0,1,1
BRF:2
BRH:2
end_of_record
